Error: CCI compilation error -c:\users\kokob\appdata\local\temp\brr_z9s.538\global_dir\160435579\pre_cci.c: corilation_2.c:114: error: illegal expression.	[MsgId: MERR-19799]
Error: CCI compilation error -c:\users\kokob\appdata\local\temp\brr_z9s.538\global_dir\160435579\pre_cci.c: corilation_2.c:114: error: syntax error; found `s' expecting `)'.	[MsgId: MERR-19799]
Error: CCI compilation error -c:\users\kokob\appdata\local\temp\brr_z9s.538\global_dir\160435579\pre_cci.c: corilation_2.c:114: error: syntax error; found `s' expecting `)'.	[MsgId: MERR-19799]
Error: CCI compilation error -c:\users\kokob\appdata\local\temp\brr_z9s.538\global_dir\160435579\pre_cci.c: corilation_2.c:114: error: syntax error; found `s' expecting `;'.	[MsgId: MERR-19799]
Error: CCI compilation error -c:\users\kokob\appdata\local\temp\brr_z9s.538\global_dir\160435579\pre_cci.c: corilation_2.c:114: error: undeclared identifier `s'.	[MsgId: MERR-19799]
Error: CCI compilation error -c:\users\kokob\appdata\local\temp\brr_z9s.538\global_dir\160435579\pre_cci.c: corilation_2.c:114: warning: expression with no effect elided.	[MsgId: MERR-19799]
Error: CCI compilation error -c:\users\kokob\appdata\local\temp\brr_z9s.538\global_dir\160435579\pre_cci.c: corilation_2.c:114: error: syntax error; found `)' expecting `;'.	[MsgId: MERR-19799]
Error: CCI compilation error -c:\users\kokob\appdata\local\temp\brr_z9s.538\global_dir\160435579\pre_cci.c: corilation_2.c:114: error: illegal statement termination.	[MsgId: MERR-19799]
Error: CCI compilation error -c:\users\kokob\appdata\local\temp\brr_z9s.538\global_dir\160435579\pre_cci.c: corilation_2.c:114: error: skipping `)'.	[MsgId: MERR-19799]
Error: CCI compilation error -c:\users\kokob\appdata\local\temp\brr_z9s.538\global_dir\160435579\pre_cci.c: c:\\users\\kokob\\appdata\\local\\temp\\brr_z9s.538\\global_dir\\160435579\\combined_meg corrilations.c:7: error: 8 errors, not writing pre_cci.ci.	[MsgId: MERR-19799]
Error: Vuser compilation failed. Please set CCIDebug to Off in CCI section of mdrv.dat file.	[MsgId: MERR-19797]
Warning: Extension cciext.dll reports error -19797 on call to function ExtPerProcessInitialize	[MsgId: MWAR-10485]
Error: Thread Context: Call to service of the driver failed, reason - thread context wasn't initialized on this thread.	[MsgId: MERR-10176]
